<?xml version="1.0" encoding="UTF-8" ?>
<testsuite tests="27" failures="0" name="filius.software.dhcp.DHCPServerTest" time="0.252" errors="0" skipped="0">
  <properties>
[...]
</properties>
  <testcase classname="filius.software.dhcp.DHCPServerTest" name="testInRange" time="0.085"/>
  <testcase classname="filius.software.dhcp.DHCPServerTest" name="testInRange_ComplexRange" time="0.004"/>
  <testcase classname="filius.software.dhcp.DHCPServerTest" name="testInRange_OverUpperLimit" time="0.005"/>
  <testcase classname="filius.software.dhcp.DHCPServerTest" name="testInRange_BelowLowerLimit" time="0.004"/>
  <testcase classname="filius.software.dhcp.DHCPServerTest" name="testInRange_BelowLowerLimitInFirstPart" time="0.005"/>
  <testcase classname="filius.software.dhcp.DHCPServerTest" name="testIpToIntArray" time="0"/>
  <testcase classname="filius.software.dhcp.DHCPServerTest" name="testIpToIntArray_InvalidNumberInAddress" time="0"/>
  <testcase classname="filius.software.dhcp.DHCPServerTest" name="testIpToIntArray_NotAnIpAddress" time="0"/>
  <testcase classname="filius.software.dhcp.DHCPServerTest" name="testIpToIntArray_TooManyParts" time="0"/>
  <testcase classname="filius.software.dhcp.DHCPServerTest" name="testIpToLong" time="0"/>
  <testcase classname="filius.software.dhcp.DHCPServerTest" name="testLongToIp" time="0"/>
  <testcase classname="filius.software.dhcp.DHCPServerTest" name="testCleanUpAssignments_doNotRemoveNeverExpiringEntries" time="0.004"/>
  <testcase classname="filius.software.dhcp.DHCPServerTest" name="testCleanUpAssignments_RemoveExpiredEntries" time="0.006"/>
  <testcase classname="filius.software.dhcp.DHCPServerTest" name="testCleanUpAssignments_DoNotRemoveStillValidEntries" time="0.004"/>
  <testcase classname="filius.software.dhcp.DHCPServerTest" name="testNextAddress_Sequence" time="0.004"/>
  <testcase classname="filius.software.dhcp.DHCPServerTest" name="testNextAddress_RepeatInterval" time="0.004"/>
  <testcase classname="filius.software.dhcp.DHCPServerTest" name="testAddressAvailable_NoAssignedAddresses" time="0.004"/>
  <testcase classname="filius.software.dhcp.DHCPServerTest" name="testAddressAvailable_AlreadyDynamicallyAssigned" time="0.011"/>
  <testcase classname="filius.software.dhcp.DHCPServerTest" name="testAddressAvailable_AlreadyStaticallyAssigned" time="0.003"/>
  <testcase classname="filius.software.dhcp.DHCPServerTest" name="testAddressAvailable_AlreadyOffered" time="0.008"/>
  <testcase classname="filius.software.dhcp.DHCPServerTest" name="testAddressAvailable_NoApplicableAssignment" time="0.013"/>
  <testcase classname="filius.software.dhcp.DHCPServerTest" name="testOfferAddress_SkipAssigned" time="0.04"/>
  <testcase classname="filius.software.dhcp.DHCPServerTest" name="testOfferAddress_NoAddressAvailable" time="0.021"/>
  <testcase classname="filius.software.dhcp.DHCPServerTest" name="testOfferAddress_AddressMayBeOfferedJustOnce" time="0.01"/>
  <testcase classname="filius.software.dhcp.DHCPServerTest" name="testRequestAddress_AddressOfferedToClient" time="0.006"/>
  <testcase classname="filius.software.dhcp.DHCPServerTest" name="testRequestAddress_AddressOfferedToOTHERClient" time="0.007"/>
  <testcase classname="filius.software.dhcp.DHCPServerTest" name="testRequestAddress_AddressOfferedToNoOneButStillAvailable" time="0.004"/>
</testsuite>