<?xml version="1.0" encoding="UTF-8" ?>
<testsuite tests="16" failures="0" name="filius.software.vermittlungsschicht.VermittlungsProtokollTest" time="0.36" errors="0" skipped="0">
  <properties>
[...]
</properties>
  <testcase classname="filius.software.vermittlungsschicht.VermittlungsProtokollTest" name="testGleichesRechnernetz_Success" time="0.001"/>
  <testcase classname="filius.software.vermittlungsschicht.VermittlungsProtokollTest" name="testGleichesRechnernetz_Failure" time="0"/>
  <testcase classname="filius.software.vermittlungsschicht.VermittlungsProtokollTest" name="testIsNetworkAddress_Yes" time="0.001"/>
  <testcase classname="filius.software.vermittlungsschicht.VermittlungsProtokollTest" name="testIsNetworkAddress_No" time="0.001"/>
  <testcase classname="filius.software.vermittlungsschicht.VermittlungsProtokollTest" name="testIsNetworkAddress_ToOtherNetwork_No" time="0"/>
  <testcase classname="filius.software.vermittlungsschicht.VermittlungsProtokollTest" name="testIstBroadcast_No_InCaseOfLocalhost" time="0.001"/>
  <testcase classname="filius.software.vermittlungsschicht.VermittlungsProtokollTest" name="testIstBroadcast_Yes_InCaseOf255" time="0.001"/>
  <testcase classname="filius.software.vermittlungsschicht.VermittlungsProtokollTest" name="testIstBroadcast_Yes_DifficultNetmask" time="0.001"/>
  <testcase classname="filius.software.vermittlungsschicht.VermittlungsProtokollTest" name="testIstBroadcast_No_DifficultNetmask" time="0.001"/>
  <testcase classname="filius.software.vermittlungsschicht.VermittlungsProtokollTest" name="testIstBroadcast_Yes_GleichesRechnernetz" time="0.001"/>
  <testcase classname="filius.software.vermittlungsschicht.VermittlungsProtokollTest" name="testIstBroadcast_No_AnderesRechnernetz" time="0.001"/>
  <testcase classname="filius.software.vermittlungsschicht.VermittlungsProtokollTest" name="testIstBroadcast_No_ToNetworkAddress" time="0.001"/>
  <testcase classname="filius.software.vermittlungsschicht.VermittlungsProtokollTest" name="testIstBroadcast_Yes_GenericBroadcastAddress" time="0"/>
  <testcase classname="filius.software.vermittlungsschicht.VermittlungsProtokollTest" name="testIsApplicableBroadcast_Success" time="0.329"/>
  <testcase classname="filius.software.vermittlungsschicht.VermittlungsProtokollTest" name="testIsApplicableBroadcast_NotBroadcast_Failure" time="0.001"/>
  <testcase classname="filius.software.vermittlungsschicht.VermittlungsProtokollTest" name="testIsApplicableBroadcast_WrongNetwork_Failure" time="0.02"/>
</testsuite>