<?xml version="1.0" encoding="UTF-8" ?>
<testsuite tests="64" failures="0" name="filius.software.vermittlungsschicht.IPAddressTest" time="0.058" errors="0" skipped="0">
  <properties>
[...]
</properties>
  <testcase classname="filius.software.vermittlungsschicht.IPAddressTest" name="testConstructor_IPv6_WithPENDINGZeroSequencePlaceholder" time="0.001"/>
  <testcase classname="filius.software.vermittlungsschicht.IPAddressTest" name="testConstructor_IPv6_WithLEADINGZeroSequencePlaceholder" time="0.001"/>
  <testcase classname="filius.software.vermittlungsschicht.IPAddressTest" name="testConstructor_IPv6_WithMIDDLEZeroSequencePlaceholder" time="0.001"/>
  <testcase classname="filius.software.vermittlungsschicht.IPAddressTest" name="testConstructor_IPv6_WithIPv4Notation" time="0"/>
  <testcase classname="filius.software.vermittlungsschicht.IPAddressTest" name="testConstructor_IPv6_WithHexadecimalDigits" time="0.01"/>
  <testcase classname="filius.software.vermittlungsschicht.IPAddressTest" name="testConstructor_IPv6_WithNetmask" time="0.002"/>
  <testcase classname="filius.software.vermittlungsschicht.IPAddressTest" name="testConstructor_IPv6_NetmaskToHigh" time="0.002"/>
  <testcase classname="filius.software.vermittlungsschicht.IPAddressTest" name="testConstructor_IPv4_NetmaskToHigh" time="0.001"/>
  <testcase classname="filius.software.vermittlungsschicht.IPAddressTest" name="testConstructor_IPv6_InvalidSyntax" time="0.002"/>
  <testcase classname="filius.software.vermittlungsschicht.IPAddressTest" name="testConstructor2_ValidIPv4" time="0"/>
  <testcase classname="filius.software.vermittlungsschicht.IPAddressTest" name="testConstructor2_IPv4_MaxNetmask" time="0"/>
  <testcase classname="filius.software.vermittlungsschicht.IPAddressTest" name="testConstructor2_IPv4_InvalidNetmask" time="0"/>
  <testcase classname="filius.software.vermittlungsschicht.IPAddressTest" name="testConstructor2_IPv4_InvalidNetmaskAddress" time="0"/>
  <testcase classname="filius.software.vermittlungsschicht.IPAddressTest" name="testConstructor2_ValidIPv6" time="0.001"/>
  <testcase classname="filius.software.vermittlungsschicht.IPAddressTest" name="testEquals_DifferentNotations" time="0.002"/>
  <testcase classname="filius.software.vermittlungsschicht.IPAddressTest" name="testConstructor_IPv4" time="0"/>
  <testcase classname="filius.software.vermittlungsschicht.IPAddressTest" name="testConstructor_IPv4_WithNetmask" time="0"/>
  <testcase classname="filius.software.vermittlungsschicht.IPAddressTest" name="testConstructor_IPv4_InvalidSyntax" time="0"/>
  <testcase classname="filius.software.vermittlungsschicht.IPAddressTest" name="testConstructor_IPv6" time="0.001"/>
  <testcase classname="filius.software.vermittlungsschicht.IPAddressTest" name="testNormalizedString_IPv6_WithTWOZeroSequences_ReplaceSecondAsLongest" time="0.002"/>
  <testcase classname="filius.software.vermittlungsschicht.IPAddressTest" name="testEquals_DifferentNetworkMask" time="0.002"/>
  <testcase classname="filius.software.vermittlungsschicht.IPAddressTest" name="testIsLoopbackAddress_IPv4_Yes" time="0.001"/>
  <testcase classname="filius.software.vermittlungsschicht.IPAddressTest" name="testIsLoopbackAddress_IPv4_No" time="0"/>
  <testcase classname="filius.software.vermittlungsschicht.IPAddressTest" name="testIsLoopbackAddress_IPv6_Yes" time="0.004"/>
  <testcase classname="filius.software.vermittlungsschicht.IPAddressTest" name="testIsLoopbackAddress_IPv6_No" time="0.006"/>
  <testcase classname="filius.software.vermittlungsschicht.IPAddressTest" name="testDefineVersion_WithoutNetmask_ValidIPv4Address" time="0"/>
  <testcase classname="filius.software.vermittlungsschicht.IPAddressTest" name="testDefineVersion_WithNetmask_ValidIPv6Address" time="0.001"/>
  <testcase classname="filius.software.vermittlungsschicht.IPAddressTest" name="testDefineVersion_WithoutNetmask_ValidIPv6Address" time="0.003"/>
  <testcase classname="filius.software.vermittlungsschicht.IPAddressTest" name="testDefineVersion_InvalidAddress" time="0.001"/>
  <testcase classname="filius.software.vermittlungsschicht.IPAddressTest" name="testIsUnspecifiedAddress_IPv4" time="0.001"/>
  <testcase classname="filius.software.vermittlungsschicht.IPAddressTest" name="testIsUnspecifiedAddress_IPv4_False" time="0"/>
  <testcase classname="filius.software.vermittlungsschicht.IPAddressTest" name="testIsUnspecifiedAddress_IPv6" time="0.001"/>
  <testcase classname="filius.software.vermittlungsschicht.IPAddressTest" name="testIsUnspecifiedAddress_IPv6_False" time="0.003"/>
  <testcase classname="filius.software.vermittlungsschicht.IPAddressTest" name="testNetworkAddress_IPv4" time="0"/>
  <testcase classname="filius.software.vermittlungsschicht.IPAddressTest" name="testNetworkAddress_IPv4_13Bit" time="0"/>
  <testcase classname="filius.software.vermittlungsschicht.IPAddressTest" name="testNetworkAddress_IPv6" time="0"/>
  <testcase classname="filius.software.vermittlungsschicht.IPAddressTest" name="testNetworkAddress_IPv6_23Bit" time="0.001"/>
  <testcase classname="filius.software.vermittlungsschicht.IPAddressTest" name="testNetmask_IPv6_23Bit" time="0"/>
  <testcase classname="filius.software.vermittlungsschicht.IPAddressTest" name="testNetmask_IPv4_13Bit" time="0.001"/>
  <testcase classname="filius.software.vermittlungsschicht.IPAddressTest" name="testNormalizedString_IPv6_WithZeroSequence" time="0"/>
  <testcase classname="filius.software.vermittlungsschicht.IPAddressTest" name="testNormalizedString_IPv6_WithZeroSequenceAndIPv4Notation" time="0.001"/>
  <testcase classname="filius.software.vermittlungsschicht.IPAddressTest" name="testNormalizedString_IPv6_WithZeroSequenceAtBeginning" time="0"/>
  <testcase classname="filius.software.vermittlungsschicht.IPAddressTest" name="testNormalizedString_IPv6_WithZeroSequenceAtEnd" time="0.001"/>
  <testcase classname="filius.software.vermittlungsschicht.IPAddressTest" name="testNormalizedString_IPv6_WithTWOZeroSequences_ReplaceFirstAsLongest" time="0.001"/>
  <testcase classname="filius.software.vermittlungsschicht.IPAddressTest" name="testVerify_IPv4WithNetmask_Failure" time="0"/>
  <testcase classname="filius.software.vermittlungsschicht.IPAddressTest" name="testVerify_IPv4WithoutNetmask_Success" time="0"/>
  <testcase classname="filius.software.vermittlungsschicht.IPAddressTest" name="testVerify_IPv4AsIPv6_Failure" time="0"/>
  <testcase classname="filius.software.vermittlungsschicht.IPAddressTest" name="testVerify_IPv6WithNetmask_Failure" time="0.001"/>
  <testcase classname="filius.software.vermittlungsschicht.IPAddressTest" name="testVerify_IPv6Incomplete_Failure" time="0"/>
  <testcase classname="filius.software.vermittlungsschicht.IPAddressTest" name="testVerify_IPv6WithoutNetmask_Success" time="0"/>
  <testcase classname="filius.software.vermittlungsschicht.IPAddressTest" name="testVerify_IPv6AsIPv4_Failure" time="0.001"/>
  <testcase classname="filius.software.vermittlungsschicht.IPAddressTest" name="testVerifyNetmaskDefinition_IPv6_True" time="0"/>
  <testcase classname="filius.software.vermittlungsschicht.IPAddressTest" name="testVerifyNetmaskDefinition_IPv6_False" time="0"/>
  <testcase classname="filius.software.vermittlungsschicht.IPAddressTest" name="testVerifyNetmaskDefinition_IPv6_Hexadecimal" time="0"/>
  <testcase classname="filius.software.vermittlungsschicht.IPAddressTest" name="testVerifyNetmaskDefinition_IPv4_True" time="0"/>
  <testcase classname="filius.software.vermittlungsschicht.IPAddressTest" name="testVerifyNetmaskDefinition_IPv4WithPartlyByte_True" time="0"/>
  <testcase classname="filius.software.vermittlungsschicht.IPAddressTest" name="testVerifyNetmaskDefinition_IPv4_InvalidNetmaskString" time="0"/>
  <testcase classname="filius.software.vermittlungsschicht.IPAddressTest" name="testEqualNetwork_Success" time="0"/>
  <testcase classname="filius.software.vermittlungsschicht.IPAddressTest" name="testEqualNetwork_Failure" time="0"/>
  <testcase classname="filius.software.vermittlungsschicht.IPAddressTest" name="testIsGlobalBroadcast_IPv4" time="0.001"/>
  <testcase classname="filius.software.vermittlungsschicht.IPAddressTest" name="testIsGlobalBroadcast_IPv6" time="0.001"/>
  <testcase classname="filius.software.vermittlungsschicht.IPAddressTest" name="testIsLocalBroadcast_IPv4With8BitNetmask" time="0"/>
  <testcase classname="filius.software.vermittlungsschicht.IPAddressTest" name="testIsLocalBroadcast_IPv4With12BitNetmask" time="0"/>
  <testcase classname="filius.software.vermittlungsschicht.IPAddressTest" name="testIsLocalBroadcast_IPv4With12BitNetmask_Failure" time="0"/>
</testsuite>